2020/9/4,23:37 > INFO > /admin/adminProductManagement/brandsList => time: 0.1 ms / ram: 2 mb 
2020/9/4,23:40 > INFO > /admin/adminProductManagement/editingBrand?id=1 => time: 0 ms / ram: 0.7 mb 
2020/9/4,23:40 > INFO > /admin/adminProductManagement/brandsList => time: 0.1 ms / ram: 2 mb 
2020/9/4,23:40 > INFO > /admin/adminProductManagement/deletingBrand?id=1 => time: 0 ms / ram: 0.7 mb 
2020/9/4,23:40 > INFO > /admin/adminProductManagement/brandsList => time: 0.1 ms / ram: 2 mb 
2020/9/8,23:49 > INFO > /admin/login => time: 0.8 ms / ram: 0.7 mb 
2020/9/8,23:49 > INFO > /admin/login => time: 5 ms / ram: 1.6 mb 
2020/9/8,23:50 > INFO > /admin/login => time: 0.5 ms / ram: 1.6 mb 
2020/9/8,23:50 > INFO > /admin/panel => time: 0 ms / ram: 0.7 mb 
2020/9/8,23:50 > INFO > /admin/panel => time: 0 ms / ram: 0.7 mb 
2020/9/9,0:09 > INFO > /admin/adminProductManagement/addProduct => time: 0 ms / ram: 0.7 mb 
2020/9/9,0:09 > INFO > /admin/adminProductManagement/addProduct => time: 0 ms / ram: 0.7 mb 
2020/9/9,0:10 > INFO > /admin/adminProductManagement/addProduct => time: 0.2 ms / ram: 0.8 mb 
2020/9/9,0:10 > INFO > /admin/adminProductManagement/addProduct => time: 0 ms / ram: 0.8 mb 
2020/9/9,0:12 > INFO > /admin/adminProductManagement/addProduct => time: 0.1 ms / ram: 0.8 mb 
2020/9/9,0:12 > INFO > /admin/adminProductManagement/addProduct => time: 0 ms / ram: 0.8 mb 
2020/9/9,0:13 > INFO > /admin/adminProductManagement/addProduct => time: 0 ms / ram: 0.8 mb 
2020/9/9,0:28 > INFO > /admin/adminProductManagement/addProduct => time: 0.1 ms / ram: 0.8 mb 
2020/9/9,0:29 > INFO > /admin/adminProductManagement/addProduct => time: 0 ms / ram: 0.8 mb 
2020/9/9,0:30 > INFO > /admin/adminProductManagement/addProduct => time: 0 ms / ram: 0.8 mb 
2020/9/9,0:30 > INFO > /admin/adminProductManagement/addProduct => time: 0.1 ms / ram: 0.8 mb 
2020/9/9,0:30 > INFO > /admin/adminProductManagement/addProduct => time: 0.1 ms / ram: 0.8 mb 
2020/9/9,0:32 > INFO > /admin/adminProductManagement/addProduct => time: 0 ms / ram: 0.8 mb 
2020/9/9,0:32 > INFO > /admin/adminProductManagement/addProduct => time: 0.1 ms / ram: 0.8 mb 
2020/9/9,0:33 > INFO > /admin/adminProductManagement/addProduct => time: 0.1 ms / ram: 0.8 mb 
2020/9/9,0:33 > INFO > /admin/adminProductManagement/addProduct => time: 0 ms / ram: 0.8 mb 
2020/9/9,0:36 > INFO > /admin/adminProductManagement/addProduct => time: 0.1 ms / ram: 0.8 mb 
2020/9/9,0:36 > INFO > /admin/adminProductManagement/addProduct => time: 0.1 ms / ram: 0.8 mb 
2020/9/9,0:39 > INFO > /admin/adminProductManagement/addProduct => time: 0.1 ms / ram: 0.8 mb 
2020/9/9,0:41 > INFO > /admin/adminProductManagement/addProduct => time: 0.1 ms / ram: 0.8 mb 
2020/9/9,0:41 > INFO > /admin/adminProductManagement/addProduct => time: 0 ms / ram: 0.8 mb 
2020/9/9,0:42 > INFO > /admin/adminProductManagement/addProduct => time: 0 ms / ram: 0.8 mb 
2020/9/9,0:43 > INFO > /admin/adminProductManagement/addProduct => time: 0.1 ms / ram: 0.8 mb 
2020/9/9,0:44 > INFO > /admin/adminProductManagement/addProduct => time: 0 ms / ram: 0.8 mb 
2020/9/9,0:48 > INFO > /admin/adminProductManagement/addProduct => time: 0.1 ms / ram: 0.8 mb 
2020/9/9,0:49 > INFO > /admin/adminProductManagement/addProduct => time: 0.1 ms / ram: 0.8 mb 
2020/9/9,0:49 > INFO > /admin/adminProductManagement/addProduct => time: 0 ms / ram: 0.8 mb 
2020/9/9,0:50 > INFO > /admin/adminProductManagement/addProduct => time: 0.1 ms / ram: 0.8 mb 
2020/9/9,19:06 > INFO > /admin/login => time: 0.1 ms / ram: 0.7 mb 
2020/9/9,19:08 > INFO > /admin/login => time: 0 ms / ram: 0.7 mb 
2020/9/9,19:23 > INFO > /admin/login => time: 0.6 ms / ram: 1.6 mb 
2020/9/9,19:23 > INFO > /admin/panel => time: 0 ms / ram: 0.7 mb 
2020/9/9,19:24 > INFO > /admin/adminProductManagement/addProduct => time: 0.1 ms / ram: 0.8 mb 
2020/9/9,19:31 > INFO > /admin/adminProductManagement/addProduct => time: 0 ms / ram: 0.8 mb 
2020/9/9,19:32 > INFO > /admin/adminProductManagement/addProduct => time: 0 ms / ram: 0.8 mb 
2020/9/9,19:33 > INFO > /admin/adminProductManagement/addProduct => time: 0 ms / ram: 0.8 mb 
2020/9/9,19:51 > INFO > /admin/adminProductManagement/null => time: 0 ms / ram: 0.6 mb 
2020/9/9,19:53 > INFO > /admin/adminProductManagement/addProduct => time: 0.1 ms / ram: 0.8 mb 
2020/9/9,19:54 > INFO > /admin/adminProductManagement/addProduct => time: 0 ms / ram: 0.8 mb 
2020/9/9,19:57 > INFO > /admin/adminProductManagement/addProduct => time: 0 ms / ram: 0.8 mb 
2020/9/9,19:59 > INFO > /admin/adminProductManagement/addProduct => time: 0 ms / ram: 0.8 mb 
2020/9/9,19:59 > INFO > /admin/adminProductManagement/addProduct => time: 0 ms / ram: 0.8 mb 
2020/9/9,20:03 > INFO > /admin/adminProductManagement/addProduct => time: 0 ms / ram: 0.8 mb 
2020/9/9,20:03 > INFO > /admin/adminProductManagement/addProduct => time: 0.1 ms / ram: 0.8 mb 
2020/9/9,20:04 > INFO > /admin/adminProductManagement/addProduct => time: 0 ms / ram: 0.8 mb 
2020/9/9,20:04 > INFO > /admin/adminProductManagement/addProduct => time: 0 ms / ram: 0.8 mb 
2020/9/9,20:06 > INFO > /admin/adminProductManagement/addProduct => time: 0 ms / ram: 0.8 mb 
2020/9/9,20:07 > INFO > /admin/adminProductManagement/addProduct => time: 0 ms / ram: 0.8 mb 
2020/9/9,20:09 > INFO > /admin/adminProductManagement/addProduct => time: 0 ms / ram: 0.8 mb 
2020/9/9,20:10 > INFO > /admin/adminProductManagement/addProduct => time: 0 ms / ram: 0.8 mb 
2020/9/9,20:36 > INFO > /admin/adminProductManagement/addProduct => time: 0.1 ms / ram: 0.8 mb 
2020/9/9,20:41 > INFO > /admin/adminProductManagement/addProduct => time: 0 ms / ram: 0.8 mb 
2020/9/9,20:44 > INFO > /admin/adminProductManagement/addProduct => time: 0 ms / ram: 0.8 mb 
2020/9/9,20:45 > INFO > /admin/adminProductManagement/addProduct => time: 0 ms / ram: 0.8 mb 
2020/9/9,20:46 > INFO > /admin/adminProductManagement/addProduct => time: 0.1 ms / ram: 0.8 mb 
2020/9/9,20:47 > INFO > /admin/adminProductManagement/addProduct => time: 0 ms / ram: 0.8 mb 
2020/9/9,20:47 > INFO > /admin/adminProductManagement/addProduct => time: 0 ms / ram: 0.8 mb 
2020/9/9,20:47 > INFO > /admin/adminProductManagement/addProduct => time: 0 ms / ram: 0.8 mb 
2020/9/9,20:48 > INFO > /admin/adminProductManagement/addProduct => time: 0 ms / ram: 0.8 mb 
2020/9/9,20:52 > INFO > /admin/adminProductManagement/addProduct => time: 0.1 ms / ram: 0.8 mb 
2020/9/9,20:53 > INFO > /admin/adminProductManagement/addProduct => time: 0 ms / ram: 0.8 mb 
2020/9/9,20:55 > INFO > /admin/adminProductManagement/addProduct => time: 0 ms / ram: 0.8 mb 
2020/9/9,20:55 > INFO > /admin/adminProductManagement/addProduct => time: 0 ms / ram: 0.8 mb 
2020/9/9,20:55 > INFO > /admin/adminProductManagement/addProduct => time: 0 ms / ram: 0.8 mb 
2020/9/9,20:56 > INFO > /admin/adminProductManagement/addProduct => time: 0 ms / ram: 0.8 mb 
2020/9/9,20:56 > INFO > /admin/adminProductManagement/addProduct => time: 0 ms / ram: 0.8 mb 
2020/9/9,20:57 > INFO > /admin/adminProductManagement/addProduct => time: 0 ms / ram: 0.8 mb 
2020/9/9,20:58 > INFO > /admin/adminProductManagement/addProduct => time: 0 ms / ram: 0.8 mb 
2020/9/9,20:58 > INFO > /admin/adminProductManagement/addProduct => time: 0 ms / ram: 0.8 mb 
2020/9/9,21:00 > INFO > /admin/adminProductManagement/addProduct => time: 0 ms / ram: 0.8 mb 
2020/9/9,22:02 > INFO > /admin/adminProductManagement/addProduct => time: 0.4 ms / ram: 1.8 mb 
2020/9/9,22:02 > INFO > /admin/adminProductManagement/addProduct => time: 0.1 ms / ram: 1.8 mb 
2020/9/9,22:03 > INFO > /admin/adminProductManagement/addProduct => time: 0.1 ms / ram: 1.8 mb 
2020/9/9,22:03 > INFO > /admin/adminProductManagement/addProduct => time: 0.1 ms / ram: 1.8 mb 
2020/9/9,22:07 > INFO > /admin/adminProductManagement/addProduct => time: 0.1 ms / ram: 1.8 mb 
2020/9/9,22:07 > INFO > /admin/adminProductManagement/addCategory => time: 0.1 ms / ram: 1.8 mb 
2020/9/9,22:08 > INFO > /admin/adminProductManagement/addCategory => time: 0.3 ms / ram: 1.9 mb 
2020/9/9,22:08 > INFO > /admin/adminProductManagement/addCategory => time: 0.1 ms / ram: 1.8 mb 
2020/9/9,22:09 > INFO > /admin/adminProductManagement/addCategory => time: 0.1 ms / ram: 1.9 mb 
2020/9/9,22:13 > INFO > /admin/adminProductManagement/addProduct => time: 0.1 ms / ram: 1.8 mb 
2020/9/9,22:16 > INFO > /admin/adminProductManagement/addProduct => time: 0.1 ms / ram: 1.8 mb 
2020/9/9,22:20 > INFO > /admin/adminProductManagement/addBrand => time: 0.1 ms / ram: 0.8 mb 
2020/9/9,22:21 > INFO > /admin/adminProductManagement/addBrand => time: 0.2 ms / ram: 1.9 mb 
2020/9/9,22:21 > INFO > /admin/adminProductManagement/addProduct => time: 0.1 ms / ram: 1.9 mb 
2020/9/9,22:21 > INFO > /admin/adminProductManagement/addColor => time: 0.1 ms / ram: 0.8 mb 
2020/9/9,22:33 > INFO > /admin/adminProductManagement/addColor => time: 0.2 ms / ram: 1.9 mb 
2020/9/9,22:33 > INFO > /admin/adminProductManagement/addProduct => time: 0.1 ms / ram: 1.9 mb 
2020/9/9,22:35 > INFO > /admin/adminProductManagement/addProduct => time: 0.1 ms / ram: 1.9 mb 
2020/9/9,22:36 > INFO > /admin/adminProductManagement/addProduct => time: 0.1 ms / ram: 1.9 mb 
2020/9/9,22:51 > INFO > /admin/adminProductManagement/addProduct => time: 0.1 ms / ram: 1.9 mb 
2020/9/9,22:52 > INFO > /admin/adminProductManagement/addCategory => time: 0.1 ms / ram: 1.8 mb 
2020/9/9,22:52 > INFO > /admin/adminProductManagement/addCategory => time: 0.1 ms / ram: 1.9 mb 
2020/9/9,22:52 > INFO > /admin/adminProductManagement/addProduct => time: 0.1 ms / ram: 1.9 mb 
2020/9/9,22:54 > INFO > /admin/adminProductManagement/addProduct => time: 0.1 ms / ram: 1.9 mb 
2020/9/9,22:54 > INFO > /admin/adminProductManagement/addProduct => time: 0.1 ms / ram: 1.9 mb 
2020/9/9,22:55 > INFO > /admin/adminProductManagement/addProduct => time: 0.1 ms / ram: 1.9 mb 
2020/9/9,22:58 > INFO > /admin/adminProductManagement/addProduct => time: 0.1 ms / ram: 1.9 mb 
2020/9/9,22:59 > INFO > /admin/adminProductManagement/addProduct => time: 0.1 ms / ram: 1.9 mb 
2020/9/9,22:59 > INFO > /admin/adminProductManagement/addCategory => time: 0.1 ms / ram: 1.8 mb 
2020/9/9,23:02 > INFO > /admin/adminProductManagement/addCategory => time: 0.2 ms / ram: 1.9 mb 
2020/9/9,23:02 > INFO > /admin/adminProductManagement/addProduct => time: 0.1 ms / ram: 1.9 mb 
2020/9/9,23:02 > INFO > /admin/adminProductManagement/addCategory => time: 0.1 ms / ram: 1.9 mb 
2020/9/9,23:02 > INFO > /admin/adminProductManagement/addCategory => time: 0 ms / ram: 1.9 mb 
2020/9/9,23:02 > INFO > /admin/adminProductManagement/addProduct => time: 0.1 ms / ram: 1.9 mb 
2020/9/9,23:03 > INFO > /admin/adminProductManagement/addProduct => time: 0.1 ms / ram: 1.9 mb 
2020/9/9,23:03 > INFO > /admin/adminProductManagement/addProduct => time: 0.1 ms / ram: 1.9 mb 
2020/9/9,23:12 > INFO > /admin/adminProductManagement/addProduct => time: 0.1 ms / ram: 1.9 mb 
2020/9/9,23:15 > INFO > /admin/adminProductManagement/addProduct => time: 0.2 ms / ram: 1.9 mb 
2020/9/9,23:16 > INFO > /admin/adminProductManagement/addProduct => time: 0.1 ms / ram: 1.9 mb 
2020/9/9,23:17 > INFO > /admin/adminProductManagement/addProduct => time: 0.1 ms / ram: 1.9 mb 
2020/9/9,23:17 > INFO > /admin/adminProductManagement/addProduct => time: 0.1 ms / ram: 1.9 mb 
2020/9/9,23:18 > INFO > /admin/adminProductManagement/addProduct => time: 0.1 ms / ram: 1.9 mb 
2020/9/9,23:18 > INFO > /admin/adminProductManagement/addProduct => time: 0.1 ms / ram: 1.9 mb 
2020/9/9,23:19 > INFO > /admin/adminProductManagement/addProduct => time: 0.1 ms / ram: 1.9 mb 
2020/9/9,23:20 > INFO > /admin/adminProductManagement/addProduct => time: 0.1 ms / ram: 1.9 mb 
2020/9/9,23:20 > INFO > /admin/adminProductManagement/addProduct => time: 0.1 ms / ram: 1.9 mb 
2020/9/9,23:20 > INFO > /admin/adminProductManagement/addProduct => time: 0.1 ms / ram: 1.9 mb 
2020/9/9,23:20 > INFO > /admin/adminProductManagement/addProduct => time: 0.1 ms / ram: 1.9 mb 
2020/9/9,23:20 > INFO > /admin/adminProductManagement/addProduct => time: 0.1 ms / ram: 1.9 mb 
2020/9/9,23:21 > INFO > /admin/adminProductManagement/addProduct => time: 0.1 ms / ram: 1.9 mb 
2020/9/9,23:21 > INFO > /admin/adminProductManagement/addProduct => time: 0.1 ms / ram: 1.9 mb 
2020/9/9,23:21 > INFO > /admin/adminProductManagement/addProduct => time: 0.1 ms / ram: 1.9 mb 
2020/9/9,23:23 > INFO > /admin/adminProductManagement/addProduct => time: 0.1 ms / ram: 1.9 mb 
2020/9/9,23:23 > INFO > /admin/adminProductManagement/addProduct => time: 0.1 ms / ram: 1.9 mb 
2020/9/9,23:23 > INFO > /admin/adminProductManagement/addProduct => time: 0.1 ms / ram: 1.9 mb 
2020/9/9,23:24 > INFO > /admin/adminProductManagement/addProduct => time: 0.1 ms / ram: 1.9 mb 
2020/9/9,23:25 > INFO > /admin/adminProductManagement/addProduct => time: 0.1 ms / ram: 1.9 mb 
2020/9/9,23:27 > INFO > /admin/adminProductManagement/addProduct => time: 0.1 ms / ram: 1.9 mb 
2020/9/10,12:37 > INFO > /admin/login => time: 0.3 ms / ram: 0.7 mb 
2020/9/10,12:37 > INFO > /admin/panel => time: 0 ms / ram: 0.7 mb 
2020/9/10,12:37 > INFO > /admin/adminUserManagement/test => time: 0 ms / ram: 0.6 mb 
2020/9/10,12:37 > INFO > /admin/adminProductManagement/test => time: 0.1 ms / ram: 0.7 mb 
